<?xml version="1.0" encoding="UTF-8"?>
<!-- Generated by org.testng.reporters.JUnitReportReporter -->
<testsuite hostname="hp" name="Test1_test" tests="1" failures="0" timestamp="1 Feb 2017 16:08:14 GMT" time="0.006" errors="0">
  <testcase name="t" time="0.006" classname="Test1_test"/>
</testsuite> <!-- Test1_test -->
